{"/home/dev/Documents/code/arns-react/src/App.tsx": {"path":"/home/dev/Documents/code/arns-react/src/App.tsx","statementMap":{"0":{"start":{"line":6,"column":28},"end":{"line":6,"column":39}},"1":{"start":{"line":8,"column":2},"end":{"line":31,"column":3}},"2":{"start":{"line":20,"column":31},"end":{"line":20,"column":61}},"3":{"start":{"line":20,"column":51},"end":{"line":20,"column":60}}},"fnMap":{"0":{"name":"App","decl":{"start":{"line":5,"column":9},"end":{"line":5,"column":12}},"loc":{"start":{"line":5,"column":15},"end":{"line":32,"column":1}},"line":5},"1":{"name":"(anonymous_1)","decl":{"start":{"line":20,"column":25},"end":{"line":20,"column":26}},"loc":{"start":{"line":20,"column":31},"end":{"line":20,"column":61}},"line":20},"2":{"name":"(anonymous_2)","decl":{"start":{"line":20,"column":40},"end":{"line":20,"column":41}},"loc":{"start":{"line":20,"column":51},"end":{"line":20,"column":60}},"line":20}},"branchMap":{},"s":{"0":0,"1":0,"2":0,"3":0},"f":{"0":0,"1":0,"2":0},"b":{}}
,"/home/dev/Documents/code/arns-react/src/main.tsx": {"path":"/home/dev/Documents/code/arns-react/src/main.tsx","statementMap":{"0":{"start":{"line":6,"column":0},"end":{"line":10,"column":1}}},"fnMap":{},"branchMap":{},"s":{"0":0},"f":{},"b":{}}
}
